0 info it worked if it ends with ok
1 verbose cli [ '/usr/bin/nodejs', '/usr/bin/npm', 'run', 'build' ]
2 info using npm@3.10.10
3 info using node@v6.11.0
4 verbose run-script [ 'prebuild', 'build', 'postbuild' ]
5 info lifecycle Shub1427.github.io@1.0.0~prebuild: Shub1427.github.io@1.0.0
6 silly lifecycle Shub1427.github.io@1.0.0~prebuild: no script for prebuild, continuing
7 info lifecycle Shub1427.github.io@1.0.0~build: Shub1427.github.io@1.0.0
8 verbose lifecycle Shub1427.github.io@1.0.0~build: unsafe-perm in lifecycle true
9 verbose lifecycle Shub1427.github.io@1.0.0~build: PATH: /usr/lib/node_modules/npm/bin/node-gyp-bin:/home/subroto/subroto/Github/Shub1427.github.io/node_modules/.bin:/home/subroto/cocos2d-x-3.15/templates:/home/subroto:/home/subroto/cocos2d-x-3.15/tools/cocos2d-console/bin:/home/subroto/Android/Sdk/tools:/opt/uchiwa/bin:/opt/sensu/bin:/home/subroto/redis-3.2.7/src:/usr/local/spark/bin:/home/subroto/.local/share/umake/bin:/home/subroto/subroto/bin/:/home/subroto/apache-activemq-5.6.0/bin:/home/subroto/redshift/root/bin:/home/subroto/Android/Sdk/platform-tools:/home/subroto/Android/Sdk/build-tools/21.1.2:/home/subroto/bin:/usr/local/sbin:/usr/local/bin:/usr/sbin:/usr/bin:/sbin:/bin:/usr/games:/usr/local/games:/snap/bin:/usr/lib/jvm/java-8-oracle/bin:/usr/lib/jvm/java-8-oracle/db/bin:/usr/lib/jvm/java-8-oracle/jre/bin:/home/subroto/.fzf/bin
10 verbose lifecycle Shub1427.github.io@1.0.0~build: CWD: /home/subroto/subroto/Github/Shub1427.github.io
11 silly lifecycle Shub1427.github.io@1.0.0~build: Args: [ '-c', 'webpack-dev-server' ]
12 silly lifecycle Shub1427.github.io@1.0.0~build: Returned: code: 1  signal: null
13 info lifecycle Shub1427.github.io@1.0.0~build: Failed to exec build script
14 verbose stack Error: Shub1427.github.io@1.0.0 build: `webpack-dev-server`
14 verbose stack Exit status 1
14 verbose stack     at EventEmitter.<anonymous> (/usr/lib/node_modules/npm/lib/utils/lifecycle.js:255:16)
14 verbose stack     at emitTwo (events.js:106:13)
14 verbose stack     at EventEmitter.emit (events.js:191:7)
14 verbose stack     at ChildProcess.<anonymous> (/usr/lib/node_modules/npm/lib/utils/spawn.js:40:14)
14 verbose stack     at emitTwo (events.js:106:13)
14 verbose stack     at ChildProcess.emit (events.js:191:7)
14 verbose stack     at maybeClose (internal/child_process.js:891:16)
14 verbose stack     at Process.ChildProcess._handle.onexit (internal/child_process.js:226:5)
15 verbose pkgid Shub1427.github.io@1.0.0
16 verbose cwd /home/subroto/subroto/Github/Shub1427.github.io
17 error Linux 4.4.0-81-generic
18 error argv "/usr/bin/nodejs" "/usr/bin/npm" "run" "build"
19 error node v6.11.0
20 error npm  v3.10.10
21 error code ELIFECYCLE
22 error Shub1427.github.io@1.0.0 build: `webpack-dev-server`
22 error Exit status 1
23 error Failed at the Shub1427.github.io@1.0.0 build script 'webpack-dev-server'.
23 error Make sure you have the latest version of node.js and npm installed.
23 error If you do, this is most likely a problem with the Shub1427.github.io package,
23 error not with npm itself.
23 error Tell the author that this fails on your system:
23 error     webpack-dev-server
23 error You can get information on how to open an issue for this project with:
23 error     npm bugs Shub1427.github.io
23 error Or if that isn't available, you can get their info via:
23 error     npm owner ls Shub1427.github.io
23 error There is likely additional logging output above.
24 verbose exit [ 1, true ]
